<?xml version="1.0" encoding="UTF-8"?>
<testng-results skipped="0" failed="0" ignored="0" total="1" passed="1">
  <reporter-output>
  </reporter-output>
  <suite name="Default suite" duration-ms="65148" started-at="2023-08-14T12:36:17 IST" finished-at="2023-08-14T12:37:22 IST">
    <groups>
    </groups>
    <test name="Default test" duration-ms="65148" started-at="2023-08-14T12:36:17 IST" finished-at="2023-08-14T12:37:22 IST">
      <class name="TestCase_001">
        <test-method status="PASS" signature="launch()[pri:0, instance:TestCase_001@26a7b76d]" name="launch" duration-ms="65112" started-at="2023-08-14T12:36:17 IST" finished-at="2023-08-14T12:37:22 IST">
          <reporter-output>
          </reporter-output>
        </test-method> <!-- launch -->
      </class> <!-- TestCase_001 -->
    </test> <!-- Default test -->
  </suite> <!-- Default suite -->
</testng-results>
