<?xml version="1.0" encoding="UTF-8"?>
<testng-results skipped="0" failed="0" ignored="0" total="1" passed="1">
  <reporter-output>
  </reporter-output>
  <suite name="Default suite" duration-ms="11872" started-at="2023-08-11T12:54:19 IST" finished-at="2023-08-11T12:54:31 IST">
    <groups>
    </groups>
    <test name="Default test" duration-ms="11872" started-at="2023-08-11T12:54:19 IST" finished-at="2023-08-11T12:54:31 IST">
      <class name="ZoomIn">
        <test-method status="PASS" signature="launch()[pri:0, instance:ZoomIn@7ce6a65d]" name="launch" duration-ms="11825" started-at="2023-08-11T12:54:20 IST" finished-at="2023-08-11T12:54:31 IST">
          <reporter-output>
          </reporter-output>
        </test-method> <!-- launch -->
      </class> <!-- ZoomIn -->
    </test> <!-- Default test -->
  </suite> <!-- Default suite -->
</testng-results>
